C:\USERS\AAPETROV\DOCUMENTS\VISUAL STUDIO 2010\PROJECTS\FENWICKTREE\FENWICKTREE\DEBUG\MAIN.OBJ
C:\USERS\AAPETROV\DOCUMENTS\VISUAL STUDIO 2010\PROJECTS\FENWICKTREE\FENWICKTREE\DEBUG\VC100.PDB
C:\USERS\AAPETROV\DOCUMENTS\VISUAL STUDIO 2010\PROJECTS\FENWICKTREE\DEBUG\FENWICKTREE.ILK
C:\USERS\AAPETROV\DOCUMENTS\VISUAL STUDIO 2010\PROJECTS\FENWICKTREE\DEBUG\FENWICKTREE.EXE
C:\USERS\AAPETROV\DOCUMENTS\VISUAL STUDIO 2010\PROJECTS\FENWICKTREE\FENWICKTREE\DEBUG\FENWICKTREE.EXE.INTERMEDIATE.MANIFEST
C:\USERS\AAPETROV\DOCUMENTS\VISUAL STUDIO 2010\PROJECTS\FENWICKTREE\DEBUG\FENWICKTREE.PDB
C:\USERS\AAPETROV\DOCUMENTS\VISUAL STUDIO 2010\PROJECTS\FENWICKTREE\FENWICKTREE\DEBUG\FENWICKTREE.EXE.EMBED.MANIFEST
C:\USERS\AAPETROV\DOCUMENTS\VISUAL STUDIO 2010\PROJECTS\FENWICKTREE\FENWICKTREE\DEBUG\FENWICKTREE.EXE.EMBED.MANIFEST.RES
C:\Users\aapetrov\Documents\Visual Studio 2010\Projects\FenwickTree\FenwickTree\Debug\main.obj
C:\Users\aapetrov\Documents\Visual Studio 2010\Projects\FenwickTree\FenwickTree\Debug\cl.command.1.tlog
C:\Users\aapetrov\Documents\Visual Studio 2010\Projects\FenwickTree\FenwickTree\Debug\CL.read.1.tlog
C:\Users\aapetrov\Documents\Visual Studio 2010\Projects\FenwickTree\FenwickTree\Debug\CL.write.1.tlog
C:\Users\aapetrov\Documents\Visual Studio 2010\Projects\FenwickTree\FenwickTree\Debug\link-cvtres.read.1.tlog
C:\Users\aapetrov\Documents\Visual Studio 2010\Projects\FenwickTree\FenwickTree\Debug\link-cvtres.write.1.tlog
C:\Users\aapetrov\Documents\Visual Studio 2010\Projects\FenwickTree\FenwickTree\Debug\link.2304-cvtres.read.1.tlog
C:\Users\aapetrov\Documents\Visual Studio 2010\Projects\FenwickTree\FenwickTree\Debug\link.2304-cvtres.write.1.tlog
C:\Users\aapetrov\Documents\Visual Studio 2010\Projects\FenwickTree\FenwickTree\Debug\link.2304.read.1.tlog
C:\Users\aapetrov\Documents\Visual Studio 2010\Projects\FenwickTree\FenwickTree\Debug\link.2304.write.1.tlog
C:\Users\aapetrov\Documents\Visual Studio 2010\Projects\FenwickTree\FenwickTree\Debug\link.2628-cvtres.read.1.tlog
C:\Users\aapetrov\Documents\Visual Studio 2010\Projects\FenwickTree\FenwickTree\Debug\link.2628-cvtres.write.1.tlog
C:\Users\aapetrov\Documents\Visual Studio 2010\Projects\FenwickTree\FenwickTree\Debug\link.2628.read.1.tlog
C:\Users\aapetrov\Documents\Visual Studio 2010\Projects\FenwickTree\FenwickTree\Debug\link.2628.write.1.tlog
C:\Users\aapetrov\Documents\Visual Studio 2010\Projects\FenwickTree\FenwickTree\Debug\link.4524-cvtres.read.1.tlog
C:\Users\aapetrov\Documents\Visual Studio 2010\Projects\FenwickTree\FenwickTree\Debug\link.4524-cvtres.write.1.tlog
C:\Users\aapetrov\Documents\Visual Studio 2010\Projects\FenwickTree\FenwickTree\Debug\link.4524.read.1.tlog
C:\Users\aapetrov\Documents\Visual Studio 2010\Projects\FenwickTree\FenwickTree\Debug\link.4524.write.1.tlog
C:\Users\aapetrov\Documents\Visual Studio 2010\Projects\FenwickTree\FenwickTree\Debug\link.command.1.tlog
C:\Users\aapetrov\Documents\Visual Studio 2010\Projects\FenwickTree\FenwickTree\Debug\link.read.1.tlog
C:\Users\aapetrov\Documents\Visual Studio 2010\Projects\FenwickTree\FenwickTree\Debug\link.write.1.tlog
C:\Users\aapetrov\Documents\Visual Studio 2010\Projects\FenwickTree\FenwickTree\Debug\mt.command.1.tlog
C:\Users\aapetrov\Documents\Visual Studio 2010\Projects\FenwickTree\FenwickTree\Debug\mt.read.1.tlog
C:\Users\aapetrov\Documents\Visual Studio 2010\Projects\FenwickTree\FenwickTree\Debug\mt.write.1.tlog
C:\Users\aapetrov\Documents\Visual Studio 2010\Projects\FenwickTree\FenwickTree\Debug\rc.command.1.tlog
C:\Users\aapetrov\Documents\Visual Studio 2010\Projects\FenwickTree\FenwickTree\Debug\rc.read.1.tlog
C:\Users\aapetrov\Documents\Visual Studio 2010\Projects\FenwickTree\FenwickTree\Debug\rc.write.1.tlog
C:\Users\aapetrov\Documents\Visual Studio 2010\Projects\FenwickTree\FenwickTree\Debug\FenwickTree.exe.embed.manifest
C:\Users\aapetrov\Documents\Visual Studio 2010\Projects\FenwickTree\FenwickTree\Debug\FenwickTree.exe.intermediate.manifest
C:\Users\aapetrov\Documents\Visual Studio 2010\Projects\FenwickTree\FenwickTree\Debug\FenwickTree.exe.embed.manifest.res
C:\Users\aapetrov\Documents\Visual Studio 2010\Projects\FenwickTree\FenwickTree\Debug\vc100.idb
C:\Users\aapetrov\Documents\Visual Studio 2010\Projects\FenwickTree\FenwickTree\Debug\vc100.pdb
C:\Users\aapetrov\Documents\Visual Studio 2010\Projects\FenwickTree\FenwickTree\Debug\FenwickTree_manifest.rc
C:\Users\aapetrov\Documents\Visual Studio 2010\Projects\FenwickTree\Debug\FenwickTree.pdb
C:\Users\aapetrov\Documents\Visual Studio 2010\Projects\FenwickTree\Debug\FenwickTree.exe
C:\Users\aapetrov\Documents\Visual Studio 2010\Projects\FenwickTree\Debug\FenwickTree.ilk
