C:\USERS\AAPETROV\DOCUMENTS\VISUAL STUDIO 2010\PROJECTS\DUPLICATE SEARCH\DUPLICATE SEARCH\RELEASE\LCS.OBJ
C:\USERS\AAPETROV\DOCUMENTS\VISUAL STUDIO 2010\PROJECTS\DUPLICATE SEARCH\DUPLICATE SEARCH\RELEASE\SIMILAR_FINDER.OBJ
C:\USERS\AAPETROV\DOCUMENTS\VISUAL STUDIO 2010\PROJECTS\DUPLICATE SEARCH\DUPLICATE SEARCH\RELEASE\SHINGLE.OBJ
C:\USERS\AAPETROV\DOCUMENTS\VISUAL STUDIO 2010\PROJECTS\DUPLICATE SEARCH\DUPLICATE SEARCH\RELEASE\RANDOM_PROJECTION_HASH.OBJ
C:\USERS\AAPETROV\DOCUMENTS\VISUAL STUDIO 2010\PROJECTS\DUPLICATE SEARCH\DUPLICATE SEARCH\RELEASE\PHRASE_COUNTER.OBJ
C:\USERS\AAPETROV\DOCUMENTS\VISUAL STUDIO 2010\PROJECTS\DUPLICATE SEARCH\DUPLICATE SEARCH\RELEASE\MAIN.OBJ
C:\USERS\AAPETROV\DOCUMENTS\VISUAL STUDIO 2010\PROJECTS\DUPLICATE SEARCH\DUPLICATE SEARCH\RELEASE\HANDLERS.OBJ
C:\USERS\AAPETROV\DOCUMENTS\VISUAL STUDIO 2010\PROJECTS\DUPLICATE SEARCH\DUPLICATE SEARCH\RELEASE\VC100.PDB
C:\USERS\AAPETROV\DOCUMENTS\VISUAL STUDIO 2010\PROJECTS\DUPLICATE SEARCH\RELEASE\DUPLICATE SEARCH.EXE
C:\USERS\AAPETROV\DOCUMENTS\VISUAL STUDIO 2010\PROJECTS\DUPLICATE SEARCH\DUPLICATE SEARCH\RELEASE\DUPLICATE SEARCH.EXE.INTERMEDIATE.MANIFEST
C:\USERS\AAPETROV\DOCUMENTS\VISUAL STUDIO 2010\PROJECTS\DUPLICATE SEARCH\RELEASE\DUPLICATE SEARCH.PDB
C:\Users\aapetrov\Documents\Visual Studio 2010\Projects\Duplicate Search\Duplicate Search\Release\handlers.obj
C:\Users\aapetrov\Documents\Visual Studio 2010\Projects\Duplicate Search\Duplicate Search\Release\lcs.obj
C:\Users\aapetrov\Documents\Visual Studio 2010\Projects\Duplicate Search\Duplicate Search\Release\main.obj
C:\Users\aapetrov\Documents\Visual Studio 2010\Projects\Duplicate Search\Duplicate Search\Release\phrase_counter.obj
C:\Users\aapetrov\Documents\Visual Studio 2010\Projects\Duplicate Search\Duplicate Search\Release\random_projection_hash.obj
C:\Users\aapetrov\Documents\Visual Studio 2010\Projects\Duplicate Search\Duplicate Search\Release\shingle.obj
C:\Users\aapetrov\Documents\Visual Studio 2010\Projects\Duplicate Search\Duplicate Search\Release\similar_finder.obj
C:\Users\aapetrov\Documents\Visual Studio 2010\Projects\Duplicate Search\Duplicate Search\Release\cl.command.1.tlog
C:\Users\aapetrov\Documents\Visual Studio 2010\Projects\Duplicate Search\Duplicate Search\Release\CL.read.1.tlog
C:\Users\aapetrov\Documents\Visual Studio 2010\Projects\Duplicate Search\Duplicate Search\Release\CL.write.1.tlog
C:\Users\aapetrov\Documents\Visual Studio 2010\Projects\Duplicate Search\Duplicate Search\Release\link.command.1.tlog
C:\Users\aapetrov\Documents\Visual Studio 2010\Projects\Duplicate Search\Duplicate Search\Release\link.read.1.tlog
C:\Users\aapetrov\Documents\Visual Studio 2010\Projects\Duplicate Search\Duplicate Search\Release\link.write.1.tlog
C:\Users\aapetrov\Documents\Visual Studio 2010\Projects\Duplicate Search\Duplicate Search\Release\mt.command.1.tlog
C:\Users\aapetrov\Documents\Visual Studio 2010\Projects\Duplicate Search\Duplicate Search\Release\mt.read.1.tlog
C:\Users\aapetrov\Documents\Visual Studio 2010\Projects\Duplicate Search\Duplicate Search\Release\mt.write.1.tlog
C:\Users\aapetrov\Documents\Visual Studio 2010\Projects\Duplicate Search\Duplicate Search\Release\Duplicate Search.exe.intermediate.manifest
C:\Users\aapetrov\Documents\Visual Studio 2010\Projects\Duplicate Search\Duplicate Search\Release\vc100.pdb
C:\Users\aapetrov\Documents\Visual Studio 2010\Projects\Duplicate Search\Release\Duplicate Search.pdb
C:\Users\aapetrov\Documents\Visual Studio 2010\Projects\Duplicate Search\Release\Duplicate Search.exe
